<?xml version="1.0" encoding="UTF-8"?>
<!-- Generated by org.testng.reporters.JUnitXMLReporter -->
<testsuite ignored="0" hostname="LAPTOP-1P383OOE" failures="1" tests="4" name="chromeTest" time="33.838" errors="0" timestamp="2025-04-14T15:55:21 IST">
  <testcase classname="testCases.TC_Invalid_Valid_Login_Credentials" name="Invalid_Email" time="1.461"/>
  <testcase classname="testCases.TC_Invalid_Valid_Login_Credentials" name="Invalid_Password" time="1.9"/>
  <testcase classname="testCases.TC_Invalid_Valid_Login_Credentials" name="valid_Credentials" time="2.014"/>
  <testcase classname="testCases.TC_MedicareSignup" name="Verify_MedicarSignUP" time="18.057">
    <failure type="java.lang.AssertionError" message="null">
      <![CDATA[java.lang.AssertionError: null
at testCases.TC_MedicareSignup.Verify_MedicarSignUP(TC_MedicareSignup.java:115)
at java.base/java.util.ArrayList.forEach(ArrayList.java:1511)
... Removed 29 stack frames]]>
    </failure>
  </testcase> <!-- Verify_MedicarSignUP -->
</testsuite> <!-- chromeTest -->
